{"C:\\VueJs\\tvshow_assignment\\src\\App.vue": {"path":"C:\\VueJs\\tvshow_assignment\\src\\App.vue","statementMap":{"0":{"start":{"line":12,"column":0},"end":{"line":12,"column":null}},"1":{"start":{"line":19,"column":0},"end":{"line":19,"column":null}},"2":{"start":{"line":24,"column":0},"end":{"line":24,"column":null}},"3":{"start":{"line":25,"column":0},"end":{"line":25,"column":null}}},"fnMap":{"0":{"name":"(anonymous_1)","decl":{"start":{"line":18,"column":0},"end":{"line":18,"column":null}},"loc":{"start":{"line":18,"column":0},"end":{"line":22,"column":null}}},"1":{"name":"(anonymous_2)","decl":{"start":{"line":23,"column":0},"end":{"line":23,"column":null}},"loc":{"start":{"line":23,"column":0},"end":{"line":26,"column":null}}},"2":{"name":"(anonymous_3)","decl":{"start":{"line":24,"column":0},"end":{"line":24,"column":null}},"loc":{"start":{"line":24,"column":0},"end":{"line":24,"column":null}}}},"branchMap":{},"s":{"0":1,"1":5,"2":10,"3":0},"f":{"0":5,"1":5,"2":5},"b":{}}
,"C:\\VueJs\\tvshow_assignment\\src\\components\\Details.vue": {"path":"C:\\VueJs\\tvshow_assignment\\src\\components\\Details.vue","statementMap":{"0":{"start":{"line":43,"column":0},"end":{"line":43,"column":null}},"1":{"start":{"line":49,"column":0},"end":{"line":49,"column":null}},"2":{"start":{"line":59,"column":0},"end":{"line":63,"column":null}},"3":{"start":{"line":60,"column":0},"end":{"line":60,"column":null}},"4":{"start":{"line":62,"column":0},"end":{"line":62,"column":null}},"5":{"start":{"line":67,"column":0},"end":{"line":69,"column":null}},"6":{"start":{"line":68,"column":0},"end":{"line":68,"column":null}}},"fnMap":{"0":{"name":"(anonymous_1)","decl":{"start":{"line":48,"column":0},"end":{"line":48,"column":null}},"loc":{"start":{"line":48,"column":0},"end":{"line":56,"column":null}}},"1":{"name":"(anonymous_2)","decl":{"start":{"line":58,"column":0},"end":{"line":58,"column":null}},"loc":{"start":{"line":58,"column":0},"end":{"line":64,"column":null}}},"2":{"name":"(anonymous_3)","decl":{"start":{"line":66,"column":0},"end":{"line":66,"column":null}},"loc":{"start":{"line":66,"column":0},"end":{"line":70,"column":null}}},"3":{"name":"(anonymous_4)","decl":{"start":{"line":67,"column":0},"end":{"line":67,"column":null}},"loc":{"start":{"line":67,"column":0},"end":{"line":69,"column":null}}}},"branchMap":{"0":{"loc":{"start":{"line":59,"column":0},"end":{"line":63,"column":null}},"type":"if","locations":[{"start":{"line":59,"column":0},"end":{"line":63,"column":null}},{"start":{"line":59,"column":0},"end":{"line":63,"column":null}}]}},"s":{"0":2,"1":2,"2":2,"3":2,"4":0,"5":2,"6":2},"f":{"0":2,"1":2,"2":2,"3":2},"b":{"0":[2,0]}}
,"C:\\VueJs\\tvshow_assignment\\src\\components\\Home.vue": {"path":"C:\\VueJs\\tvshow_assignment\\src\\components\\Home.vue","statementMap":{"0":{"start":{"line":75,"column":0},"end":{"line":75,"column":null}},"1":{"start":{"line":76,"column":0},"end":{"line":76,"column":null}},"2":{"start":{"line":82,"column":0},"end":{"line":82,"column":null}},"3":{"start":{"line":90,"column":0},"end":{"line":90,"column":null}},"4":{"start":{"line":95,"column":0},"end":{"line":110,"column":null}},"5":{"start":{"line":96,"column":0},"end":{"line":96,"column":null}},"6":{"start":{"line":97,"column":0},"end":{"line":101,"column":null}},"7":{"start":{"line":98,"column":0},"end":{"line":100,"column":null}},"8":{"start":{"line":99,"column":0},"end":{"line":99,"column":null}},"9":{"start":{"line":102,"column":0},"end":{"line":102,"column":null}},"10":{"start":{"line":103,"column":0},"end":{"line":103,"column":null}},"11":{"start":{"line":104,"column":0},"end":{"line":109,"column":null}},"12":{"start":{"line":105,"column":0},"end":{"line":105,"column":null}},"13":{"start":{"line":108,"column":0},"end":{"line":108,"column":null}},"14":{"start":{"line":113,"column":0},"end":{"line":113,"column":null}}},"fnMap":{"0":{"name":"(anonymous_1)","decl":{"start":{"line":81,"column":0},"end":{"line":81,"column":null}},"loc":{"start":{"line":81,"column":0},"end":{"line":88,"column":null}}},"1":{"name":"(anonymous_2)","decl":{"start":{"line":89,"column":0},"end":{"line":89,"column":null}},"loc":{"start":{"line":89,"column":0},"end":{"line":91,"column":null}}},"2":{"name":"(anonymous_3)","decl":{"start":{"line":94,"column":0},"end":{"line":94,"column":null}},"loc":{"start":{"line":94,"column":0},"end":{"line":111,"column":null}}},"3":{"name":"(anonymous_4)","decl":{"start":{"line":95,"column":0},"end":{"line":95,"column":null}},"loc":{"start":{"line":95,"column":0},"end":{"line":110,"column":null}}},"4":{"name":"(anonymous_5)","decl":{"start":{"line":97,"column":0},"end":{"line":97,"column":null}},"loc":{"start":{"line":97,"column":0},"end":{"line":101,"column":null}}},"5":{"name":"(anonymous_6)","decl":{"start":{"line":102,"column":0},"end":{"line":102,"column":null}},"loc":{"start":{"line":102,"column":0},"end":{"line":102,"column":null}}},"6":{"name":"(anonymous_7)","decl":{"start":{"line":104,"column":0},"end":{"line":104,"column":null}},"loc":{"start":{"line":104,"column":0},"end":{"line":109,"column":null}}},"7":{"name":"(anonymous_8)","decl":{"start":{"line":105,"column":0},"end":{"line":105,"column":null}},"loc":{"start":{"line":105,"column":0},"end":{"line":105,"column":null}}},"8":{"name":"(anonymous_10)","decl":{"start":{"line":112,"column":0},"end":{"line":112,"column":null}},"loc":{"start":{"line":112,"column":0},"end":{"line":119,"column":null}}}},"branchMap":{"0":{"loc":{"start":{"line":98,"column":0},"end":{"line":100,"column":null}},"type":"if","locations":[{"start":{"line":98,"column":0},"end":{"line":100,"column":null}},{"start":{"line":98,"column":0},"end":{"line":100,"column":null}}]}},"s":{"0":2,"1":2,"2":3,"3":3,"4":4,"5":4,"6":4,"7":4,"8":0,"9":8,"10":4,"11":4,"12":24,"13":12,"14":1},"f":{"0":3,"1":3,"2":4,"3":4,"4":4,"5":4,"6":12,"7":12,"8":1},"b":{"0":[0,4]}}
,"C:\\VueJs\\tvshow_assignment\\src\\components\\Navbar.vue": {"path":"C:\\VueJs\\tvshow_assignment\\src\\components\\Navbar.vue","statementMap":{"0":{"start":{"line":32,"column":0},"end":{"line":32,"column":null}},"1":{"start":{"line":38,"column":0},"end":{"line":38,"column":null}}},"fnMap":{"0":{"name":"(anonymous_1)","decl":{"start":{"line":31,"column":0},"end":{"line":31,"column":null}},"loc":{"start":{"line":31,"column":0},"end":{"line":35,"column":null}}},"1":{"name":"(anonymous_2)","decl":{"start":{"line":37,"column":0},"end":{"line":37,"column":null}},"loc":{"start":{"line":37,"column":0},"end":{"line":44,"column":null}}}},"branchMap":{},"s":{"0":2,"1":1},"f":{"0":2,"1":1},"b":{}}
,"C:\\VueJs\\tvshow_assignment\\src\\components\\PageNotFound.vue": {"path":"C:\\VueJs\\tvshow_assignment\\src\\components\\PageNotFound.vue","statementMap":{"0":{"start":{"line":17,"column":0},"end":{"line":17,"column":null}},"1":{"start":{"line":23,"column":0},"end":{"line":23,"column":null}}},"fnMap":{"0":{"name":"(anonymous_1)","decl":{"start":{"line":16,"column":0},"end":{"line":16,"column":null}},"loc":{"start":{"line":16,"column":0},"end":{"line":20,"column":null}}},"1":{"name":"(anonymous_2)","decl":{"start":{"line":22,"column":0},"end":{"line":22,"column":null}},"loc":{"start":{"line":22,"column":0},"end":{"line":24,"column":null}}}},"branchMap":{},"s":{"0":1,"1":0},"f":{"0":1,"1":0},"b":{}}
,"C:\\VueJs\\tvshow_assignment\\src\\components\\Search.vue": {"path":"C:\\VueJs\\tvshow_assignment\\src\\components\\Search.vue","statementMap":{"0":{"start":{"line":35,"column":0},"end":{"line":35,"column":null}},"1":{"start":{"line":40,"column":0},"end":{"line":40,"column":null}},"2":{"start":{"line":50,"column":0},"end":{"line":54,"column":null}},"3":{"start":{"line":51,"column":0},"end":{"line":51,"column":null}},"4":{"start":{"line":53,"column":0},"end":{"line":53,"column":null}},"5":{"start":{"line":58,"column":0},"end":{"line":60,"column":null}},"6":{"start":{"line":59,"column":0},"end":{"line":59,"column":null}},"7":{"start":{"line":63,"column":0},"end":{"line":63,"column":null}}},"fnMap":{"0":{"name":"(anonymous_1)","decl":{"start":{"line":39,"column":0},"end":{"line":39,"column":null}},"loc":{"start":{"line":39,"column":0},"end":{"line":47,"column":null}}},"1":{"name":"(anonymous_2)","decl":{"start":{"line":49,"column":0},"end":{"line":49,"column":null}},"loc":{"start":{"line":49,"column":0},"end":{"line":55,"column":null}}},"2":{"name":"(anonymous_3)","decl":{"start":{"line":57,"column":0},"end":{"line":57,"column":null}},"loc":{"start":{"line":57,"column":0},"end":{"line":61,"column":null}}},"3":{"name":"(anonymous_4)","decl":{"start":{"line":58,"column":0},"end":{"line":58,"column":null}},"loc":{"start":{"line":58,"column":0},"end":{"line":60,"column":null}}},"4":{"name":"(anonymous_5)","decl":{"start":{"line":62,"column":0},"end":{"line":62,"column":null}},"loc":{"start":{"line":62,"column":0},"end":{"line":69,"column":null}}}},"branchMap":{"0":{"loc":{"start":{"line":50,"column":0},"end":{"line":54,"column":null}},"type":"if","locations":[{"start":{"line":50,"column":0},"end":{"line":54,"column":null}},{"start":{"line":50,"column":0},"end":{"line":54,"column":null}}]}},"s":{"0":2,"1":3,"2":3,"3":3,"4":0,"5":3,"6":3,"7":1},"f":{"0":3,"1":3,"2":3,"3":3,"4":1},"b":{"0":[3,0]}}
,"C:\\VueJs\\tvshow_assignment\\src\\router\\index.js": {"path":"C:\\VueJs\\tvshow_assignment\\src\\router\\index.js","statementMap":{"0":{"start":{"line":8,"column":0},"end":{"line":8,"column":19}},"1":{"start":{"line":10,"column":15},"end":{"line":34,"column":1}},"2":{"start":{"line":36,"column":15},"end":{"line":39,"column":2}}},"fnMap":{},"branchMap":{},"s":{"0":1,"1":1,"2":1},"f":{},"b":{},"_coverageSchema":"43e27e138ebf9cfc5966b082cf9a028302ed4184","hash":"b5d0249b7f6c368c85d18ad66c2746524a05a8ce"}
,"C:\\VueJs\\tvshow_assignment\\src\\services\\api.js": {"path":"C:\\VueJs\\tvshow_assignment\\src\\services\\api.js","statementMap":{"0":{"start":{"line":3,"column":2},"end":{"line":3,"column":50}},"1":{"start":{"line":6,"column":2},"end":{"line":6,"column":68}},"2":{"start":{"line":9,"column":2},"end":{"line":9,"column":56}}},"fnMap":{"0":{"name":"getAllShows","decl":{"start":{"line":2,"column":16},"end":{"line":2,"column":27}},"loc":{"start":{"line":2,"column":30},"end":{"line":4,"column":1}},"line":2},"1":{"name":"searchTvShows","decl":{"start":{"line":5,"column":16},"end":{"line":5,"column":29}},"loc":{"start":{"line":5,"column":37},"end":{"line":7,"column":1}},"line":5},"2":{"name":"getDetails","decl":{"start":{"line":8,"column":16},"end":{"line":8,"column":26}},"loc":{"start":{"line":8,"column":31},"end":{"line":10,"column":1}},"line":8}},"branchMap":{},"s":{"0":1,"1":1,"2":1},"f":{"0":1,"1":1,"2":1},"b":{},"_coverageSchema":"43e27e138ebf9cfc5966b082cf9a028302ed4184","hash":"061c2848465642bc683405c340ae5e6c893b49ad"}
}
