TN:
SF:C:\VueJs\tvshow_assignment\src\App.vue
FN:18,(anonymous_1)
FN:23,(anonymous_2)
FN:24,(anonymous_3)
FNF:3
FNH:3
FNDA:5,(anonymous_1)
FNDA:5,(anonymous_2)
FNDA:5,(anonymous_3)
DA:12,1
DA:19,5
DA:24,10
DA:25,0
LF:4
LH:3
BRF:0
BRH:0
end_of_record
TN:
SF:C:\VueJs\tvshow_assignment\src\components\Details.vue
FN:48,(anonymous_1)
FN:58,(anonymous_2)
FN:66,(anonymous_3)
FN:67,(anonymous_4)
FNF:4
FNH:4
FNDA:2,(anonymous_1)
FNDA:2,(anonymous_2)
FNDA:2,(anonymous_3)
FNDA:2,(anonymous_4)
DA:43,2
DA:49,2
DA:59,2
DA:60,2
DA:62,0
DA:67,2
DA:68,2
LF:7
LH:6
BRDA:59,0,0,2
BRDA:59,0,1,0
BRF:2
BRH:1
end_of_record
TN:
SF:C:\VueJs\tvshow_assignment\src\components\Home.vue
FN:81,(anonymous_1)
FN:89,(anonymous_2)
FN:94,(anonymous_3)
FN:95,(anonymous_4)
FN:97,(anonymous_5)
FN:102,(anonymous_6)
FN:104,(anonymous_7)
FN:105,(anonymous_8)
FN:112,(anonymous_10)
FNF:9
FNH:9
FNDA:3,(anonymous_1)
FNDA:3,(anonymous_2)
FNDA:4,(anonymous_3)
FNDA:4,(anonymous_4)
FNDA:4,(anonymous_5)
FNDA:4,(anonymous_6)
FNDA:12,(anonymous_7)
FNDA:12,(anonymous_8)
FNDA:1,(anonymous_10)
DA:75,2
DA:76,2
DA:82,3
DA:90,3
DA:95,4
DA:96,4
DA:97,4
DA:98,4
DA:99,0
DA:102,8
DA:103,4
DA:104,4
DA:105,24
DA:108,12
DA:113,1
LF:15
LH:14
BRDA:98,0,0,0
BRDA:98,0,1,4
BRF:2
BRH:1
end_of_record
TN:
SF:C:\VueJs\tvshow_assignment\src\components\Navbar.vue
FN:31,(anonymous_1)
FN:37,(anonymous_2)
FNF:2
FNH:2
FNDA:2,(anonymous_1)
FNDA:1,(anonymous_2)
DA:32,2
DA:38,1
LF:2
LH:2
BRF:0
BRH:0
end_of_record
TN:
SF:C:\VueJs\tvshow_assignment\src\components\PageNotFound.vue
FN:16,(anonymous_1)
FN:22,(anonymous_2)
FNF:2
FNH:1
FNDA:1,(anonymous_1)
FNDA:0,(anonymous_2)
DA:17,1
DA:23,0
LF:2
LH:1
BRF:0
BRH:0
end_of_record
TN:
SF:C:\VueJs\tvshow_assignment\src\components\Search.vue
FN:39,(anonymous_1)
FN:49,(anonymous_2)
FN:57,(anonymous_3)
FN:58,(anonymous_4)
FN:62,(anonymous_5)
FNF:5
FNH:5
FNDA:3,(anonymous_1)
FNDA:3,(anonymous_2)
FNDA:3,(anonymous_3)
FNDA:3,(anonymous_4)
FNDA:1,(anonymous_5)
DA:35,2
DA:40,3
DA:50,3
DA:51,3
DA:53,0
DA:58,3
DA:59,3
DA:63,1
LF:8
LH:7
BRDA:50,0,0,3
BRDA:50,0,1,0
BRF:2
BRH:1
end_of_record
TN:
SF:C:\VueJs\tvshow_assignment\src\router\index.js
FNF:0
FNH:0
DA:8,1
DA:10,1
DA:36,1
LF:3
LH:3
BRF:0
BRH:0
end_of_record
TN:
SF:C:\VueJs\tvshow_assignment\src\services\api.js
FN:2,getAllShows
FN:5,searchTvShows
FN:8,getDetails
FNF:3
FNH:3
FNDA:1,getAllShows
FNDA:1,searchTvShows
FNDA:1,getDetails
DA:3,1
DA:6,1
DA:9,1
LF:3
LH:3
BRF:0
BRH:0
end_of_record
